[2017-02-27T15:50:28,271][INFO ][o.e.n.Node               ] [] initializing ...
[2017-02-27T15:50:28,420][INFO ][o.e.e.NodeEnvironment    ] [GJKX3VM] using [1] data paths, mounts [[/ (/dev/sda5)]], net usable_space [1.8tb], net total_space [1.9tb], spins? [possibly], types [ext4]
[2017-02-27T15:50:28,420][INFO ][o.e.e.NodeEnvironment    ] [GJKX3VM] heap size [1.9gb], compressed ordinary object pointers [true]
[2017-02-27T15:50:28,422][INFO ][o.e.n.Node               ] node name [GJKX3VM] derived from node ID [GJKX3VMNQUG4jbi_0dFdVg]; set [node.name] to override
[2017-02-27T15:50:28,424][INFO ][o.e.n.Node               ] version[5.2.1], pid[10259], build[db0d481/2017-02-09T22:05:32.386Z], OS[Linux/4.4.0-64-generic/amd64], JVM[Oracle Corporation/OpenJDK 64-Bit Server VM/1.8.0_121/25.121-b13]
[2017-02-27T15:50:29,009][INFO ][o.e.p.PluginsService     ] [GJKX3VM] loaded module [aggs-matrix-stats]
[2017-02-27T15:50:29,009][INFO ][o.e.p.PluginsService     ] [GJKX3VM] loaded module [ingest-common]
[2017-02-27T15:50:29,009][INFO ][o.e.p.PluginsService     ] [GJKX3VM] loaded module [lang-expression]
[2017-02-27T15:50:29,010][INFO ][o.e.p.PluginsService     ] [GJKX3VM] loaded module [lang-groovy]
[2017-02-27T15:50:29,010][INFO ][o.e.p.PluginsService     ] [GJKX3VM] loaded module [lang-mustache]
[2017-02-27T15:50:29,010][INFO ][o.e.p.PluginsService     ] [GJKX3VM] loaded module [lang-painless]
[2017-02-27T15:50:29,010][INFO ][o.e.p.PluginsService     ] [GJKX3VM] loaded module [percolator]
[2017-02-27T15:50:29,010][INFO ][o.e.p.PluginsService     ] [GJKX3VM] loaded module [reindex]
[2017-02-27T15:50:29,010][INFO ][o.e.p.PluginsService     ] [GJKX3VM] loaded module [transport-netty3]
[2017-02-27T15:50:29,010][INFO ][o.e.p.PluginsService     ] [GJKX3VM] loaded module [transport-netty4]
[2017-02-27T15:50:29,010][INFO ][o.e.p.PluginsService     ] [GJKX3VM] no plugins loaded
[2017-02-27T15:50:30,181][INFO ][o.e.n.Node               ] initialized
[2017-02-27T15:50:30,182][INFO ][o.e.n.Node               ] [GJKX3VM] starting ...
[2017-02-27T15:50:30,273][INFO ][o.e.t.TransportService   ] [GJKX3VM] publish_address {127.0.0.1:9300}, bound_addresses {[::1]:9300}, {127.0.0.1:9300}
[2017-02-27T15:50:30,277][WARN ][o.e.b.BootstrapChecks    ] [GJKX3VM] max virtual memory areas vm.max_map_count [65530] is too low, increase to at least [262144]
[2017-02-27T15:50:33,319][INFO ][o.e.c.s.ClusterService   ] [GJKX3VM] new_master {GJKX3VM}{GJKX3VMNQUG4jbi_0dFdVg}{zqNSEpRvTiuqkkJGnAVuaQ}{127.0.0.1}{127.0.0.1:9300}, reason: zen-disco-elected-as-master ([0] nodes joined)
[2017-02-27T15:50:33,348][INFO ][o.e.h.HttpServer         ] [GJKX3VM] publish_address {127.0.0.1:9200}, bound_addresses {[::1]:9200}, {127.0.0.1:9200}
[2017-02-27T15:50:33,348][INFO ][o.e.n.Node               ] [GJKX3VM] started
[2017-02-27T15:50:33,403][INFO ][o.e.g.GatewayService     ] [GJKX3VM] recovered [0] indices into cluster_state
[2017-02-27T16:15:56,755][INFO ][o.e.c.m.MetaDataCreateIndexService] [GJKX3VM] [customer] creating index, cause [api], templates [], shards [5]/[1], mappings []
[2017-02-27T16:17:11,399][INFO ][o.e.c.m.MetaDataMappingService] [GJKX3VM] [customer/py5k61ezTWO0JThWnDoRrA] create_mapping [external]
[2017-02-27T16:18:14,110][INFO ][o.e.c.m.MetaDataDeleteIndexService] [GJKX3VM] [customer/py5k61ezTWO0JThWnDoRrA] deleting index
[2017-02-27T19:17:13,940][INFO ][o.e.n.Node               ] [GJKX3VM] stopping ...
[2017-02-27T19:17:13,959][INFO ][o.e.n.Node               ] [GJKX3VM] stopped
[2017-02-27T19:17:13,960][INFO ][o.e.n.Node               ] [GJKX3VM] closing ...
[2017-02-27T19:17:13,967][INFO ][o.e.n.Node               ] [GJKX3VM] closed
